0 info it worked if it ends with ok
1 verbose cli [ '/home/booker/.nvm/versions/node/v0.12.4/bin/node',
1 verbose cli   '/home/booker/.nvm/versions/node/v0.12.4/bin/npm',
1 verbose cli   'publish',
1 verbose cli   './' ]
2 info using npm@2.10.1
3 info using node@v0.12.4
4 verbose publish [ './' ]
5 silly cache add args [ './', null ]
6 verbose cache add spec ./
7 silly cache add parsed spec { raw: './',
7 silly cache add   scope: null,
7 silly cache add   name: null,
7 silly cache add   rawSpec: './',
7 silly cache add   spec: '/home/booker/Documents/Code/password-generator-tool',
7 silly cache add   type: 'directory' }
8 verbose addLocalDirectory /home/booker/.npm/password-generator-tool/0.0.3/package.tgz not in flight; packing
9 verbose tar pack [ '/home/booker/.npm/password-generator-tool/0.0.3/package.tgz',
9 verbose tar pack   '/home/booker/Documents/Code/password-generator-tool' ]
10 verbose tarball /home/booker/.npm/password-generator-tool/0.0.3/package.tgz
11 verbose folder /home/booker/Documents/Code/password-generator-tool
12 info prepublish password-generator-tool@0.0.3
13 verbose addLocalTarball adding from inside cache /home/booker/.npm/password-generator-tool/0.0.3/package.tgz
14 silly cache afterAdd password-generator-tool@0.0.3
15 verbose afterAdd /home/booker/.npm/password-generator-tool/0.0.3/package/package.json not in flight; writing
16 verbose afterAdd /home/booker/.npm/password-generator-tool/0.0.3/package/package.json written
17 silly publish { name: 'password-generator-tool',
17 silly publish   version: '0.0.3',
17 silly publish   description: 'A password generator',
17 silly publish   main: 'index.js',
17 silly publish   scripts: { test: 'nodeunit test.js' },
17 silly publish   repository:
17 silly publish    { type: 'git',
17 silly publish      url: 'git+https://github.com/passwordtools/password-generator.git' },
17 silly publish   keywords: [ 'password' ],
17 silly publish   author: { name: 'Alex Booker' },
17 silly publish   license: 'MIT',
17 silly publish   bugs: { url: 'https://github.com/passwordtools/password-generator/issues' },
17 silly publish   devDependencies: {},
17 silly publish   readme: '# Password Generator\n\nCross-platform password generator built using Node :smile:.\n\n##Installation\n\n```\n$ npm install password-generator-tool\n```\n\n## Features\n\n- [x] Ability to set password length\n- [ ] Ability to include capital letters in the password\n- [ ] Ability to exclude capital letters in the password\n- [ ] Ability to include numbers in the password\n- [ ] Ability to exclude numbers in the password\n- [ ] Ability to include special characters in the password\n- [ ] Ability to exclude ambiguous characters in the password\n- [ ] Ability to exclude vowels in the password\n- [ ] Command-line interface\n- [ ] Node package\n- [ ] Comprehensive unit tests\n\n## Installation\n1. Clone the repository using `git clone https://github.com/PasswordTools/password-generator`\n2. Install [Nodeunit](https://github.com/caolan/nodeunit) using [these instructions](https://github.com/caolan/nodeunit#installation).\n3. Run the tests using `npm test`',
17 silly publish   readmeFilename: 'readme.md',
17 silly publish   gitHead: '94834f090917434fb4a4c34fa1040b27ef8f74ed',
17 silly publish   homepage: 'https://github.com/passwordtools/password-generator#readme',
17 silly publish   _id: 'password-generator-tool@0.0.3',
17 silly publish   _shasum: '522f5cd631e9105910fbf71b813ac5c0745b1e5a',
17 silly publish   _from: '.' }
18 verbose getPublishConfig undefined
19 silly mapToRegistry name password-generator-tool
20 silly mapToRegistry using default registry
21 silly mapToRegistry registry https://registry.npmjs.org/
22 silly mapToRegistry uri https://registry.npmjs.org/password-generator-tool
23 verbose publish registryBase https://registry.npmjs.org/
24 silly publish uploading /home/booker/.npm/password-generator-tool/0.0.3/package.tgz
25 verbose request uri https://registry.npmjs.org/password-generator-tool
26 verbose request sending authorization for write operation
27 info attempt registry request try #1 at 5:52:21 PM
28 verbose request using bearer token for auth
29 verbose request id 36625532e80a2e54
30 http request PUT https://registry.npmjs.org/password-generator-tool
31 http 403 https://registry.npmjs.org/password-generator-tool
32 verbose headers { 'content-type': 'application/json',
32 verbose headers   'cache-control': 'max-age=60',
32 verbose headers   'content-length': '95',
32 verbose headers   'accept-ranges': 'bytes',
32 verbose headers   date: 'Wed, 10 Jun 2015 16:52:22 GMT',
32 verbose headers   via: '1.1 varnish',
32 verbose headers   connection: 'keep-alive',
32 verbose headers   'x-served-by': 'cache-ams4141-AMS',
32 verbose headers   'x-cache': 'MISS',
32 verbose headers   'x-cache-hits': '0',
32 verbose headers   'x-timer': 'S1433955141.436336,VS0,VE1256' }
33 verbose request invalidating /home/booker/.npm/registry.npmjs.org/password-generator-tool on PUT
34 error publish Failed PUT 403
35 verbose stack Error: "You cannot publish over the previously published version 0.0.3." : password-generator-tool
35 verbose stack     at CachingRegistryClient.<anonymous> (/home/booker/.nvm/versions/node/v0.12.4/lib/node_modules/npm/node_modules/npm-registry-client/lib/request.js:247:14)
35 verbose stack     at Request._callback (/home/booker/.nvm/versions/node/v0.12.4/lib/node_modules/npm/node_modules/npm-registry-client/lib/request.js:170:14)
35 verbose stack     at Request.self.callback (/home/booker/.nvm/versions/node/v0.12.4/lib/node_modules/npm/node_modules/request/request.js:368:22)
35 verbose stack     at Request.emit (events.js:110:17)
35 verbose stack     at Request.<anonymous> (/home/booker/.nvm/versions/node/v0.12.4/lib/node_modules/npm/node_modules/request/request.js:1219:14)
35 verbose stack     at Request.emit (events.js:129:20)
35 verbose stack     at IncomingMessage.<anonymous> (/home/booker/.nvm/versions/node/v0.12.4/lib/node_modules/npm/node_modules/request/request.js:1167:12)
35 verbose stack     at IncomingMessage.emit (events.js:129:20)
35 verbose stack     at _stream_readable.js:908:16
35 verbose stack     at process._tickCallback (node.js:355:11)
36 verbose statusCode 403
37 verbose pkgid password-generator-tool
38 verbose cwd /home/booker/Documents/Code/password-generator-tool
39 error Linux 3.19.0-18-generic
40 error argv "/home/booker/.nvm/versions/node/v0.12.4/bin/node" "/home/booker/.nvm/versions/node/v0.12.4/bin/npm" "publish" "./"
41 error node v0.12.4
42 error npm  v2.10.1
43 error code E403
44 error "You cannot publish over the previously published version 0.0.3." : password-generator-tool
45 error If you need help, you may report this error at:
45 error     <https://github.com/npm/npm/issues>
46 verbose exit [ 1, true ]
